# JRE version: OpenJDK Runtime Environment (11.0.9.1+1) (build 11.0.9.1+1-Ubuntu-0ubuntu1.20.04)
# Java VM: OpenJDK 64-Bit Server VM (11.0.9.1+1-Ubuntu-0ubuntu1.20.04, mixed mode, sharing, tiered, compressed oops, g1 gc, linux-amd64)
Heap:
 garbage-first heap   total 538624K, used 142806K [0x0000000083a00000, 0x0000000100000000)
  region size 1024K, 9 young (9216K), 9 survivors (9216K)
 Metaspace       used 6972K, capacity 7447K, committed 7680K, reserved 1056768K
  class space    used 573K, capacity 645K, committed 768K, reserved 1048576K
GC Heap History (20 events):
Event: 0.741 GC heap after
{Heap after GC invocations=14 (full 0):
 garbage-first heap   total 133120K, used 124808K [0x0000000083a00000, 0x0000000100000000)
  region size 1024K, 1 young (1024K), 1 survivors (1024K)
 Metaspace       used 6972K, capacity 7447K, committed 7680K, reserved 1056768K
  class space    used 573K, capacity 645K, committed 768K, reserved 1048576K
}
Event: 0.748 GC heap before
{Heap before GC invocations=15 (full 0):
 garbage-first heap   total 133120K, used 129928K [0x0000000083a00000, 0x0000000100000000)
  region size 1024K, 6 young (6144K), 1 survivors (1024K)
 Metaspace       used 6972K, capacity 7447K, committed 7680K, reserved 1056768K
  class space    used 573K, capacity 645K, committed 768K, reserved 1048576K
}
Event: 0.749 GC heap after
{Heap after GC invocations=16 (full 0):
 garbage-first heap   total 168960K, used 125055K [0x0000000083a00000, 0x0000000100000000)
  region size 1024K, 1 young (1024K), 1 survivors (1024K)
 Metaspace       used 6972K, capacity 7447K, committed 7680K, reserved 1056768K
  class space    used 573K, capacity 645K, committed 768K, reserved 1048576K
}
Event: 0.765 GC heap before
{Heap before GC invocations=16 (full 0):
 garbage-first heap   total 168960K, used 136319K [0x0000000083a00000, 0x0000000100000000)
  region size 1024K, 12 young (12288K), 1 survivors (1024K)
 Metaspace       used 6972K, capacity 7447K, committed 7680K, reserved 1056768K
  class space    used 573K, capacity 645K, committed 768K, reserved 1048576K
}
Event: 0.766 GC heap after
{Heap after GC invocations=17 (full 0):
 garbage-first heap   total 168960K, used 125561K [0x0000000083a00000, 0x0000000100000000)
  region size 1024K, 2 young (2048K), 2 survivors (2048K)
 Metaspace       used 6972K, capacity 7447K, committed 7680K, reserved 1056768K
  class space    used 573K, capacity 645K, committed 768K, reserved 1048576K
}
Event: 0.779 GC heap before
{Heap before GC invocations=18 (full 0):
 garbage-first heap   total 168960K, used 136825K [0x0000000083a00000, 0x0000000100000000)
  region size 1024K, 13 young (13312K), 2 survivors (2048K)
 Metaspace       used 6972K, capacity 7447K, committed 7680K, reserved 1056768K
  class space    used 573K, capacity 645K, committed 768K, reserved 1048576K
}
Event: 0.780 GC heap after
{Heap after GC invocations=19 (full 0):
 garbage-first heap   total 168960K, used 126160K [0x0000000083a00000, 0x0000000100000000)
  region size 1024K, 2 young (2048K), 2 survivors (2048K)
 Metaspace       used 6972K, capacity 7447K, committed 7680K, reserved 1056768K
  class space    used 573K, capacity 645K, committed 768K, reserved 1048576K
}
Event: 0.792 GC heap before
{Heap before GC invocations=19 (full 0):
 garbage-first heap   total 168960K, used 138448K [0x0000000083a00000, 0x0000000100000000)
  region size 1024K, 14 young (14336K), 2 survivors (2048K)
 Metaspace       used 6972K, capacity 7447K, committed 7680K, reserved 1056768K
  class space    used 573K, capacity 645K, committed 768K, reserved 1048576K
}
Event: 0.793 GC heap after
{Heap after GC invocations=20 (full 0):
 garbage-first heap   total 168960K, used 126692K [0x0000000083a00000, 0x0000000100000000)
  region size 1024K, 2 young (2048K), 2 survivors (2048K)
 Metaspace       used 6972K, capacity 7447K, committed 7680K, reserved 1056768K
  class space    used 573K, capacity 645K, committed 768K, reserved 1048576K
}
Event: 0.808 GC heap before
{Heap before GC invocations=21 (full 0):
 garbage-first heap   total 168960K, used 140004K [0x0000000083a00000, 0x0000000100000000)
  region size 1024K, 15 young (15360K), 2 survivors (2048K)
 Metaspace       used 6972K, capacity 7447K, committed 7680K, reserved 1056768K
  class space    used 573K, capacity 645K, committed 768K, reserved 1048576K
}
Event: 0.809 GC heap after
{Heap after GC invocations=22 (full 0):
 garbage-first heap   total 168960K, used 127370K [0x0000000083a00000, 0x0000000100000000)
  region size 1024K, 2 young (2048K), 2 survivors (2048K)
 Metaspace       used 6972K, capacity 7447K, committed 7680K, reserved 1056768K
  class space    used 573K, capacity 645K, committed 768K, reserved 1048576K
}
Event: 0.821 GC heap before
{Heap before GC invocations=22 (full 0):
 garbage-first heap   total 168960K, used 140682K [0x0000000083a00000, 0x0000000100000000)
  region size 1024K, 15 young (15360K), 2 survivors (2048K)
 Metaspace       used 6972K, capacity 7447K, committed 7680K, reserved 1056768K
  class space    used 573K, capacity 645K, committed 768K, reserved 1048576K
}
Event: 0.823 GC heap after
{Heap after GC invocations=23 (full 0):
 garbage-first heap   total 269312K, used 127944K [0x0000000083a00000, 0x0000000100000000)
  region size 1024K, 2 young (2048K), 2 survivors (2048K)
 Metaspace       used 6972K, capacity 7447K, committed 7680K, reserved 1056768K
  class space    used 573K, capacity 645K, committed 768K, reserved 1048576K
}
Event: 0.908 GC heap before
{Heap before GC invocations=24 (full 0):
 garbage-first heap   total 269312K, used 190408K [0x0000000083a00000, 0x0000000100000000)
  region size 1024K, 63 young (64512K), 2 survivors (2048K)
 Metaspace       used 6972K, capacity 7447K, committed 7680K, reserved 1056768K
  class space    used 573K, capacity 645K, committed 768K, reserved 1048576K
}
Event: 0.911 GC heap after
{Heap after GC invocations=25 (full 0):
 garbage-first heap   total 269312K, used 130861K [0x0000000083a00000, 0x0000000100000000)
  region size 1024K, 5 young (5120K), 5 survivors (5120K)
 Metaspace       used 6972K, capacity 7447K, committed 7680K, reserved 1056768K
  class space    used 573K, capacity 645K, committed 768K, reserved 1048576K
}
Event: 0.986 GC heap before
{Heap before GC invocations=25 (full 0):
 garbage-first heap   total 269312K, used 206637K [0x0000000083a00000, 0x0000000100000000)
  region size 1024K, 79 young (80896K), 5 survivors (5120K)
 Metaspace       used 6972K, capacity 7447K, committed 7680K, reserved 1056768K
  class space    used 573K, capacity 645K, committed 768K, reserved 1048576K
}
Event: 0.989 GC heap after
{Heap after GC invocations=26 (full 0):
 garbage-first heap   total 269312K, used 134428K [0x0000000083a00000, 0x0000000100000000)
  region size 1024K, 8 young (8192K), 8 survivors (8192K)
 Metaspace       used 6972K, capacity 7447K, committed 7680K, reserved 1056768K
  class space    used 573K, capacity 645K, committed 768K, reserved 1048576K
}
Event: 1.077 GC heap before
{Heap before GC invocations=27 (full 0):
 garbage-first heap   total 269312K, used 219420K [0x0000000083a00000, 0x0000000100000000)
  region size 1024K, 91 young (93184K), 8 survivors (8192K)
 Metaspace       used 6972K, capacity 7447K, committed 7680K, reserved 1056768K
  class space    used 573K, capacity 645K, committed 768K, reserved 1048576K
}
Event: 1.081 GC heap after
{Heap after GC invocations=28 (full 0):
 garbage-first heap   total 269312K, used 138598K [0x0000000083a00000, 0x0000000100000000)
  region size 1024K, 8 young (8192K), 8 survivors (8192K)
 Metaspace       used 6972K, capacity 7447K, committed 7680K, reserved 1056768K
  class space    used 573K, capacity 645K, committed 768K, reserved 1048576K
}
Event: 1.158 GC heap before
{Heap before GC invocations=28 (full 0):
 garbage-first heap   total 269312K, used 221542K [0x0000000083a00000, 0x0000000100000000)
  region size 1024K, 89 young (91136K), 8 survivors (8192K)
 Metaspace       used 6972K, capacity 7447K, committed 7680K, reserved 1056768K
  class space    used 573K, capacity 645K, committed 768K, reserved 1048576K
}

